0 info it worked if it ends with ok
1 verbose cli [ '/usr/bin/node',
1 verbose cli   '/usr/bin/npm',
1 verbose cli   'info',
1 verbose cli   'moment-timezone-with-data' ]
2 info using npm@2.15.11
3 info using node@v4.8.7
4 silly mapToRegistry name moment-timezone-with-data
5 silly mapToRegistry using default registry
6 silly mapToRegistry registry https://registry.npmjs.org/
7 silly mapToRegistry data Result {
7 silly mapToRegistry   raw: 'moment-timezone-with-data',
7 silly mapToRegistry   scope: null,
7 silly mapToRegistry   name: 'moment-timezone-with-data',
7 silly mapToRegistry   rawSpec: '',
7 silly mapToRegistry   spec: 'latest',
7 silly mapToRegistry   type: 'tag' }
8 silly mapToRegistry uri https://registry.npmjs.org/moment-timezone-with-data
9 verbose request uri https://registry.npmjs.org/moment-timezone-with-data
10 verbose request no auth needed
11 info attempt registry request try #1 at 5:48:03 AM
12 verbose request id 883003d2232b74f8
13 http request GET https://registry.npmjs.org/moment-timezone-with-data
14 http 404 https://registry.npmjs.org/moment-timezone-with-data
15 verbose headers { 'content-type': 'application/json',
15 verbose headers   'cache-control': 'max-age=0',
15 verbose headers   'content-length': '2',
15 verbose headers   'accept-ranges': 'bytes',
15 verbose headers   date: 'Thu, 22 Feb 2018 04:48:06 GMT',
15 verbose headers   via: '1.1 varnish',
15 verbose headers   connection: 'keep-alive',
15 verbose headers   'x-served-by': 'cache-bma7020-BMA',
15 verbose headers   'x-cache': 'MISS',
15 verbose headers   'x-cache-hits': '0',
15 verbose headers   'x-timer': 'S1519274885.224517,VS0,VE797',
15 verbose headers   vary: 'Accept-Encoding' }
16 silly get cb [ 404,
16 silly get   { 'content-type': 'application/json',
16 silly get     'cache-control': 'max-age=0',
16 silly get     'content-length': '2',
16 silly get     'accept-ranges': 'bytes',
16 silly get     date: 'Thu, 22 Feb 2018 04:48:06 GMT',
16 silly get     via: '1.1 varnish',
16 silly get     connection: 'keep-alive',
16 silly get     'x-served-by': 'cache-bma7020-BMA',
16 silly get     'x-cache': 'MISS',
16 silly get     'x-cache-hits': '0',
16 silly get     'x-timer': 'S1519274885.224517,VS0,VE797',
16 silly get     vary: 'Accept-Encoding' } ]
17 verbose stack Error: Registry returned 404 for GET on https://registry.npmjs.org/moment-timezone-with-data
17 verbose stack     at makeError (/usr/lib/node_modules/npm/node_modules/npm-registry-client/lib/request.js:302:12)
17 verbose stack     at CachingRegistryClient.<anonymous> (/usr/lib/node_modules/npm/node_modules/npm-registry-client/lib/request.js:280:14)
17 verbose stack     at Request._callback (/usr/lib/node_modules/npm/node_modules/npm-registry-client/lib/request.js:210:14)
17 verbose stack     at Request.self.callback (/usr/lib/node_modules/npm/node_modules/request/request.js:187:22)
17 verbose stack     at emitTwo (events.js:87:13)
17 verbose stack     at Request.emit (events.js:172:7)
17 verbose stack     at Request.<anonymous> (/usr/lib/node_modules/npm/node_modules/request/request.js:1044:10)
17 verbose stack     at emitOne (events.js:77:13)
17 verbose stack     at Request.emit (events.js:169:7)
17 verbose stack     at IncomingMessage.<anonymous> (/usr/lib/node_modules/npm/node_modules/request/request.js:965:12)
18 verbose statusCode 404
19 verbose pkgid moment-timezone-with-data
20 verbose cwd /var/www/html/indeu
21 error Linux 3.13.0-138-generic
22 error argv "/usr/bin/node" "/usr/bin/npm" "info" "moment-timezone-with-data"
23 error node v4.8.7
24 error npm  v2.15.11
25 error code E404
26 error 404 Registry returned 404 for GET on https://registry.npmjs.org/moment-timezone-with-data
26 error 404
26 error 404 'moment-timezone-with-data' is not in the npm registry.
26 error 404 You should bug the author to publish it (or use the name yourself!)
26 error 404
26 error 404 Note that you can also install from a
26 error 404 tarball, folder, http url, or git url.
27 verbose exit [ 1, true ]
